
> simple-task-manager@1.0.0 dev
> next dev

  ▲ Next.js 14.2.29
  - Local:        http://localhost:3000
  - Environments: .env

 ✓ Starting...
 ✓ Ready in 2.8s
 ✓ Compiled /middleware in 252ms
 ✓ Compiled (152 modules)
 ○ Compiling / ...
 ✓ Compiled / in 2.2s (1231 modules)
 HEAD / 200 in 2489ms
 GET / 200 in 94ms
 ○ Compiling /register ...
 ✓ Compiled /register in 1005ms (1274 modules)
 ○ Compiling /login ...
 ✓ Compiled /login in 898ms (1286 modules)
 ✓ Compiled /api/auth/me in 319ms (762 modules)
 GET /api/auth/me 200 in 669ms
 GET /api/auth/me 200 in 27ms
 ○ Compiling /api/auth/login ...
 ✓ Compiled /api/auth/login in 706ms (1070 modules)
 POST /api/auth/login 401 in 955ms
 POST /api/auth/login 401 in 492ms
 POST /api/auth/login 200 in 463ms
 ○ Compiling /dashboard ...
 ✓ Compiled /dashboard in 6.2s (2874 modules)
 ○ Compiling /api/tasks ...
 ✓ Compiled /api/tasks in 3s (1653 modules)
 ✓ Compiled (1656 modules)
 GET /api/tasks?limit=50 200 in 3845ms
 GET /api/notifications 200 in 3851ms
 GET /api/tasks?limit=50 200 in 44ms
 GET /api/notifications 200 in 44ms
 ○ Compiling /achievements ...
 ✓ Compiled /achievements in 598ms (2887 modules)
 ✓ Compiled /api/achievements in 498ms (1663 modules)
 GET /api/achievements 200 in 565ms
 GET /api/achievements 200 in 18ms
 ○ Compiling /leaderboard ...
 ✓ Compiled /leaderboard in 577ms (2902 modules)
 ✓ Compiled /api/leaderboard in 351ms (1671 modules)
 GET /api/leaderboard 200 in 440ms
 GET /api/leaderboard 200 in 30ms
 ○ Compiling /tasks ...
 ✓ Compiled /tasks in 2.1s (2977 modules)
 GET /api/tasks?page=1&limit=50 200 in 143ms
 GET /api/tasks?page=1&limit=50 200 in 22ms
 GET /api/notifications 200 in 50ms
 POST /api/tasks 201 in 156ms
 GET /api/tasks?page=1&limit=50 200 in 18ms
 GET /api/notifications 200 in 43ms
 GET /api/notifications 200 in 22ms
 GET /api/notifications 200 in 26ms
 GET /api/notifications 200 in 29ms
 GET /api/notifications 200 in 31ms
 ✓ Compiled in 3.2s (2585 modules)
 GET /api/notifications 200 in 61ms
 ✓ Compiled in 1003ms (2585 modules)
 GET /api/notifications 200 in 50ms
 ✓ Compiled in 1191ms (2585 modules)
 GET /api/notifications 200 in 46ms
 GET /tasks 200 in 252ms
 ○ Compiling /api/tasks ...
 ✓ Compiled /api/tasks in 762ms (1388 modules)
 ✓ Compiled (1697 modules)
 GET /api/notifications 200 in 1633ms
 GET /api/tasks?page=1&limit=50 200 in 1798ms
 GET /api/auth/me 200 in 1806ms
 GET /api/notifications 200 in 61ms
 GET /api/auth/me 200 in 62ms
 GET /api/tasks?page=1&limit=50 200 in 72ms
 GET /api/auth/me 200 in 25ms
 GET /api/auth/me 200 in 19ms
 ✓ Compiled /api/tasks/[id] in 491ms (1701 modules)
 PATCH /api/tasks/cmlv73mph000dtead7yfvczlx 200 in 1384ms
 GET /api/tasks?page=1&limit=50 200 in 128ms
 PATCH /api/tasks/cmlw4bd0d0001eacgyvqkd39z 200 in 84ms
 GET /api/tasks?page=1&limit=50 200 in 22ms
 PATCH /api/tasks/cmlv73mph000dtead7yfvczlx 200 in 68ms
 GET /api/tasks?page=1&limit=50 200 in 29ms
 ✓ Compiled /api/leaderboard in 360ms (1703 modules)
 GET /api/leaderboard 200 in 437ms
 GET /api/leaderboard 200 in 31ms
 ✓ Compiled /api/achievements in 376ms (1705 modules)
 GET /api/achievements 200 in 450ms
 GET /api/achievements 200 in 25ms
 GET /api/notifications 200 in 33ms
 GET /api/notifications 200 in 138ms
 GET /api/notifications 200 in 38ms
 GET /api/notifications 200 in 52ms
 GET /api/notifications 200 in 50ms
 ✓ Compiled in 676ms (1300 modules)
 GET /api/notifications 200 in 182ms
 ✓ Compiled in 2.1s (2737 modules)
 GET /api/notifications 200 in 33ms
 ✓ Compiled in 499ms (1285 modules)
 ✓ Compiled in 651ms (1285 modules)
 ✓ Compiled in 742ms (1285 modules)
 GET /api/notifications 200 in 41ms
^C^C